<?xml version="1.0" encoding="UTF-8"?>
<!-- Generated by org.testng.reporters.JUnitXMLReporter -->
<testsuite ignored="0" hostname="LP-5CG0386Q82" failures="0" tests="6" name="Test" time="53.565" errors="0" timestamp="2023-01-16T11:06:16 IST">
  <testcase classname="com.Saucedemo_tests.LoginPageTest" name="verifyLogin" time="0.387"/>
  <testcase classname="com.Saucedemo_tests.LoginPageTest" name="verifyLogin" time="0.302"/>
  <testcase classname="com.Saucedemo_tests.LoginPageTest" name="verifyLogo" time="0.076"/>
  <testcase classname="com.Saucedemo_tests.HomePageTest" name="check" time="0.507"/>
  <testcase classname="com.Saucedemo_tests.HomePageTest" name="validateCart" time="0.728"/>
  <testcase classname="com.Saucedemo_tests.AddCartTest" name="Cart" time="1.363"/>
</testsuite> <!-- Test -->
